{"/Users/bendee/JavaScript/battleships/src/domBuilder.js": {"path":"/Users/bendee/JavaScript/battleships/src/domBuilder.js","statementMap":{"0":{"start":{"line":6,"column":19},"end":{"line":91,"column":4}},"1":{"start":{"line":15,"column":25},"end":{"line":24,"column":3}},"2":{"start":{"line":16,"column":20},"end":{"line":16,"column":60}},"3":{"start":{"line":17,"column":4},"end":{"line":17,"column":52}},"4":{"start":{"line":18,"column":4},"end":{"line":18,"column":29}},"5":{"start":{"line":19,"column":4},"end":{"line":19,"column":32}},"6":{"start":{"line":20,"column":4},"end":{"line":20,"column":36}},"7":{"start":{"line":21,"column":4},"end":{"line":21,"column":40}},"8":{"start":{"line":23,"column":4},"end":{"line":23,"column":19}},"9":{"start":{"line":33,"column":31},"end":{"line":38,"column":3}},"10":{"start":{"line":34,"column":20},"end":{"line":34,"column":55}},"11":{"start":{"line":35,"column":4},"end":{"line":35,"column":38}},"12":{"start":{"line":37,"column":4},"end":{"line":37,"column":19}},"13":{"start":{"line":46,"column":20},"end":{"line":55,"column":3}},"14":{"start":{"line":47,"column":15},"end":{"line":47,"column":50}},"15":{"start":{"line":48,"column":14},"end":{"line":48,"column":56}},"16":{"start":{"line":49,"column":15},"end":{"line":49,"column":53}},"17":{"start":{"line":50,"column":4},"end":{"line":50,"column":34}},"18":{"start":{"line":51,"column":4},"end":{"line":51,"column":26}},"19":{"start":{"line":52,"column":4},"end":{"line":52,"column":27}},"20":{"start":{"line":54,"column":4},"end":{"line":54,"column":16}},"21":{"start":{"line":65,"column":23},"end":{"line":69,"column":3}},"22":{"start":{"line":66,"column":4},"end":{"line":68,"column":5}},"23":{"start":{"line":66,"column":17},"end":{"line":66,"column":18}},"24":{"start":{"line":67,"column":6},"end":{"line":67,"column":53}},"25":{"start":{"line":78,"column":30},"end":{"line":82,"column":3}},"26":{"start":{"line":79,"column":20},"end":{"line":79,"column":61}},"27":{"start":{"line":81,"column":4},"end":{"line":81,"column":19}},"28":{"start":{"line":90,"column":2},"end":{"line":90,"column":61}}},"fnMap":{"0":{"name":"(anonymous_0)","decl":{"start":{"line":6,"column":20},"end":{"line":6,"column":21}},"loc":{"start":{"line":6,"column":26},"end":{"line":91,"column":1}},"line":6},"1":{"name":"(anonymous_1)","decl":{"start":{"line":15,"column":25},"end":{"line":15,"column":26}},"loc":{"start":{"line":15,"column":43},"end":{"line":24,"column":3}},"line":15},"2":{"name":"(anonymous_2)","decl":{"start":{"line":33,"column":31},"end":{"line":33,"column":32}},"loc":{"start":{"line":33,"column":60},"end":{"line":38,"column":3}},"line":33},"3":{"name":"(anonymous_3)","decl":{"start":{"line":46,"column":20},"end":{"line":46,"column":21}},"loc":{"start":{"line":46,"column":30},"end":{"line":55,"column":3}},"line":46},"4":{"name":"(anonymous_4)","decl":{"start":{"line":65,"column":23},"end":{"line":65,"column":24}},"loc":{"start":{"line":65,"column":50},"end":{"line":69,"column":3}},"line":65},"5":{"name":"(anonymous_5)","decl":{"start":{"line":78,"column":30},"end":{"line":78,"column":31}},"loc":{"start":{"line":78,"column":40},"end":{"line":82,"column":3}},"line":78}},"branchMap":{},"s":{"0":2,"1":2,"2":0,"3":0,"4":0,"5":0,"6":0,"7":0,"8":0,"9":2,"10":0,"11":0,"12":0,"13":2,"14":0,"15":0,"16":0,"17":0,"18":0,"19":0,"20":0,"21":2,"22":0,"23":0,"24":0,"25":2,"26":0,"27":0,"28":2},"f":{"0":2,"1":0,"2":0,"3":0,"4":0,"5":0},"b":{},"_coverageSchema":"1a1c01bbd47fc00a2c39e90264f33305004495a9","hash":"f624ae4bd608057ecabf4d1c7e72fe7a3658148b"}
,"/Users/bendee/JavaScript/battleships/src/domController.js": {"path":"/Users/bendee/JavaScript/battleships/src/domController.js","statementMap":{"0":{"start":{"line":12,"column":22},"end":{"line":152,"column":4}},"1":{"start":{"line":14,"column":26},"end":{"line":14,"column":69}},"2":{"start":{"line":16,"column":30},"end":{"line":16,"column":77}},"3":{"start":{"line":18,"column":24},"end":{"line":18,"column":65}},"4":{"start":{"line":26,"column":23},"end":{"line":28,"column":3}},"5":{"start":{"line":27,"column":4},"end":{"line":27,"column":49}},"6":{"start":{"line":35,"column":28},"end":{"line":46,"column":3}},"7":{"start":{"line":42,"column":4},"end":{"line":45,"column":5}},"8":{"start":{"line":43,"column":24},"end":{"line":43,"column":63}},"9":{"start":{"line":44,"column":6},"end":{"line":44,"column":48}},"10":{"start":{"line":55,"column":26},"end":{"line":63,"column":3}},"11":{"start":{"line":56,"column":4},"end":{"line":60,"column":6}},"12":{"start":{"line":57,"column":6},"end":{"line":59,"column":8}},"13":{"start":{"line":58,"column":8},"end":{"line":58,"column":19}},"14":{"start":{"line":62,"column":4},"end":{"line":62,"column":55}},"15":{"start":{"line":71,"column":22},"end":{"line":73,"column":3}},"16":{"start":{"line":72,"column":4},"end":{"line":72,"column":40}},"17":{"start":{"line":81,"column":21},"end":{"line":83,"column":3}},"18":{"start":{"line":82,"column":4},"end":{"line":82,"column":43}},"19":{"start":{"line":91,"column":26},"end":{"line":96,"column":3}},"20":{"start":{"line":92,"column":22},"end":{"line":92,"column":74}},"21":{"start":{"line":93,"column":17},"end":{"line":93,"column":43}},"22":{"start":{"line":94,"column":4},"end":{"line":94,"column":32}},"23":{"start":{"line":95,"column":4},"end":{"line":95,"column":41}},"24":{"start":{"line":103,"column":25},"end":{"line":106,"column":3}},"25":{"start":{"line":104,"column":20},"end":{"line":104,"column":57}},"26":{"start":{"line":105,"column":4},"end":{"line":105,"column":21}},"27":{"start":{"line":113,"column":20},"end":{"line":116,"column":3}},"28":{"start":{"line":114,"column":4},"end":{"line":114,"column":35}},"29":{"start":{"line":115,"column":4},"end":{"line":115,"column":39}},"30":{"start":{"line":123,"column":28},"end":{"line":132,"column":3}},"31":{"start":{"line":125,"column":26},"end":{"line":125,"column":50}},"32":{"start":{"line":126,"column":4},"end":{"line":126,"column":43}},"33":{"start":{"line":127,"column":4},"end":{"line":127,"column":41}},"34":{"start":{"line":129,"column":4},"end":{"line":131,"column":6}},"35":{"start":{"line":130,"column":6},"end":{"line":130,"column":38}},"36":{"start":{"line":141,"column":2},"end":{"line":151,"column":10}}},"fnMap":{"0":{"name":"(anonymous_0)","decl":{"start":{"line":12,"column":23},"end":{"line":12,"column":24}},"loc":{"start":{"line":12,"column":29},"end":{"line":152,"column":1}},"line":12},"1":{"name":"(anonymous_1)","decl":{"start":{"line":26,"column":23},"end":{"line":26,"column":24}},"loc":{"start":{"line":26,"column":38},"end":{"line":28,"column":3}},"line":26},"2":{"name":"(anonymous_2)","decl":{"start":{"line":35,"column":28},"end":{"line":35,"column":29}},"loc":{"start":{"line":35,"column":34},"end":{"line":46,"column":3}},"line":35},"3":{"name":"(anonymous_3)","decl":{"start":{"line":55,"column":26},"end":{"line":55,"column":27}},"loc":{"start":{"line":55,"column":50},"end":{"line":63,"column":3}},"line":55},"4":{"name":"(anonymous_4)","decl":{"start":{"line":56,"column":51},"end":{"line":56,"column":52}},"loc":{"start":{"line":56,"column":59},"end":{"line":60,"column":5}},"line":56},"5":{"name":"(anonymous_5)","decl":{"start":{"line":57,"column":37},"end":{"line":57,"column":38}},"loc":{"start":{"line":57,"column":44},"end":{"line":59,"column":7}},"line":57},"6":{"name":"(anonymous_6)","decl":{"start":{"line":71,"column":22},"end":{"line":71,"column":23}},"loc":{"start":{"line":71,"column":33},"end":{"line":73,"column":3}},"line":71},"7":{"name":"(anonymous_7)","decl":{"start":{"line":81,"column":21},"end":{"line":81,"column":22}},"loc":{"start":{"line":81,"column":32},"end":{"line":83,"column":3}},"line":81},"8":{"name":"(anonymous_8)","decl":{"start":{"line":91,"column":26},"end":{"line":91,"column":27}},"loc":{"start":{"line":91,"column":36},"end":{"line":96,"column":3}},"line":91},"9":{"name":"(anonymous_9)","decl":{"start":{"line":103,"column":25},"end":{"line":103,"column":26}},"loc":{"start":{"line":103,"column":31},"end":{"line":106,"column":3}},"line":103},"10":{"name":"(anonymous_10)","decl":{"start":{"line":113,"column":20},"end":{"line":113,"column":21}},"loc":{"start":{"line":113,"column":26},"end":{"line":116,"column":3}},"line":113},"11":{"name":"(anonymous_11)","decl":{"start":{"line":123,"column":28},"end":{"line":123,"column":29}},"loc":{"start":{"line":123,"column":39},"end":{"line":132,"column":3}},"line":123},"12":{"name":"(anonymous_12)","decl":{"start":{"line":129,"column":18},"end":{"line":129,"column":19}},"loc":{"start":{"line":129,"column":26},"end":{"line":131,"column":5}},"line":129}},"branchMap":{},"s":{"0":2,"1":2,"2":2,"3":2,"4":2,"5":0,"6":2,"7":0,"8":0,"9":0,"10":2,"11":0,"12":0,"13":0,"14":0,"15":2,"16":0,"17":2,"18":0,"19":2,"20":0,"21":0,"22":0,"23":0,"24":2,"25":0,"26":0,"27":2,"28":0,"29":0,"30":2,"31":1,"32":1,"33":1,"34":1,"35":4,"36":2},"f":{"0":2,"1":0,"2":0,"3":0,"4":0,"5":0,"6":0,"7":0,"8":0,"9":0,"10":0,"11":1,"12":4},"b":{},"_coverageSchema":"1a1c01bbd47fc00a2c39e90264f33305004495a9","hash":"e18746f9b7b906ef436019be8a5fecf8f4343561"}
,"/Users/bendee/JavaScript/battleships/src/eventObserver.js": {"path":"/Users/bendee/JavaScript/battleships/src/eventObserver.js","statementMap":{"0":{"start":{"line":6,"column":22},"end":{"line":93,"column":4}},"1":{"start":{"line":9,"column":24},"end":{"line":9,"column":33}},"2":{"start":{"line":19,"column":20},"end":{"line":32,"column":3}},"3":{"start":{"line":20,"column":21},"end":{"line":20,"column":38}},"4":{"start":{"line":23,"column":4},"end":{"line":28,"column":5}},"5":{"start":{"line":24,"column":6},"end":{"line":24,"column":50}},"6":{"start":{"line":27,"column":6},"end":{"line":27,"column":46}},"7":{"start":{"line":31,"column":4},"end":{"line":31,"column":61}},"8":{"start":{"line":31,"column":40},"end":{"line":31,"column":61}},"9":{"start":{"line":43,"column":18},"end":{"line":45,"column":6}},"10":{"start":{"line":44,"column":6},"end":{"line":44,"column":36}},"11":{"start":{"line":47,"column":4},"end":{"line":47,"column":42}},"12":{"start":{"line":49,"column":4},"end":{"line":49,"column":64}},"13":{"start":{"line":49,"column":41},"end":{"line":49,"column":64}},"14":{"start":{"line":59,"column":14},"end":{"line":70,"column":3}},"15":{"start":{"line":60,"column":4},"end":{"line":69,"column":5}},"16":{"start":{"line":61,"column":6},"end":{"line":68,"column":9}},"17":{"start":{"line":63,"column":8},"end":{"line":67,"column":9}},"18":{"start":{"line":64,"column":10},"end":{"line":64,"column":57}},"19":{"start":{"line":66,"column":10},"end":{"line":66,"column":44}},"20":{"start":{"line":82,"column":4},"end":{"line":84,"column":6}},"21":{"start":{"line":83,"column":6},"end":{"line":83,"column":35}},"22":{"start":{"line":92,"column":2},"end":{"line":92,"column":55}}},"fnMap":{"0":{"name":"(anonymous_0)","decl":{"start":{"line":6,"column":23},"end":{"line":6,"column":24}},"loc":{"start":{"line":6,"column":29},"end":{"line":93,"column":1}},"line":6},"1":{"name":"(anonymous_1)","decl":{"start":{"line":19,"column":20},"end":{"line":19,"column":21}},"loc":{"start":{"line":19,"column":55},"end":{"line":32,"column":3}},"line":19},"2":{"name":"unsubscribe","decl":{"start":{"line":41,"column":11},"end":{"line":41,"column":22}},"loc":{"start":{"line":41,"column":40},"end":{"line":50,"column":3}},"line":41},"3":{"name":"(anonymous_3)","decl":{"start":{"line":43,"column":54},"end":{"line":43,"column":55}},"loc":{"start":{"line":43,"column":66},"end":{"line":45,"column":5}},"line":43},"4":{"name":"(anonymous_4)","decl":{"start":{"line":59,"column":14},"end":{"line":59,"column":15}},"loc":{"start":{"line":59,"column":38},"end":{"line":70,"column":3}},"line":59},"5":{"name":"(anonymous_5)","decl":{"start":{"line":61,"column":43},"end":{"line":61,"column":44}},"loc":{"start":{"line":61,"column":55},"end":{"line":68,"column":7}},"line":61},"6":{"name":"_isSubscribed","decl":{"start":{"line":81,"column":11},"end":{"line":81,"column":24}},"loc":{"start":{"line":81,"column":42},"end":{"line":85,"column":3}},"line":81},"7":{"name":"(anonymous_7)","decl":{"start":{"line":82,"column":45},"end":{"line":82,"column":46}},"loc":{"start":{"line":82,"column":57},"end":{"line":84,"column":5}},"line":82}},"branchMap":{"0":{"loc":{"start":{"line":23,"column":4},"end":{"line":28,"column":5}},"type":"if","locations":[{"start":{"line":23,"column":4},"end":{"line":28,"column":5}},{"start":{"line":25,"column":11},"end":{"line":28,"column":5}}],"line":23},"1":{"loc":{"start":{"line":31,"column":4},"end":{"line":31,"column":61}},"type":"if","locations":[{"start":{"line":31,"column":4},"end":{"line":31,"column":61}},{"start":{},"end":{}}],"line":31},"2":{"loc":{"start":{"line":49,"column":4},"end":{"line":49,"column":64}},"type":"if","locations":[{"start":{"line":49,"column":4},"end":{"line":49,"column":64}},{"start":{},"end":{}}],"line":49},"3":{"loc":{"start":{"line":60,"column":4},"end":{"line":69,"column":5}},"type":"if","locations":[{"start":{"line":60,"column":4},"end":{"line":69,"column":5}},{"start":{},"end":{}}],"line":60},"4":{"loc":{"start":{"line":63,"column":8},"end":{"line":67,"column":9}},"type":"if","locations":[{"start":{"line":63,"column":8},"end":{"line":67,"column":9}},{"start":{"line":65,"column":15},"end":{"line":67,"column":9}}],"line":63}},"s":{"0":3,"1":3,"2":3,"3":6,"4":6,"5":3,"6":3,"7":6,"8":6,"9":1,"10":3,"11":1,"12":1,"13":1,"14":3,"15":3,"16":3,"17":5,"18":1,"19":4,"20":7,"21":13,"22":3},"f":{"0":3,"1":6,"2":1,"3":3,"4":3,"5":5,"6":7,"7":13},"b":{"0":[3,3],"1":[6,0],"2":[1,0],"3":[3,0],"4":[1,4]},"_coverageSchema":"1a1c01bbd47fc00a2c39e90264f33305004495a9","hash":"b9acd4e547319e4395da2a0a0088ed3f0aeae018"}
,"/Users/bendee/JavaScript/battleships/src/gameboard.js": {"path":"/Users/bendee/JavaScript/battleships/src/gameboard.js","statementMap":{"0":{"start":{"line":21,"column":4},"end":{"line":21,"column":21}},"1":{"start":{"line":22,"column":4},"end":{"line":22,"column":37}},"2":{"start":{"line":23,"column":4},"end":{"line":23,"column":40}},"3":{"start":{"line":24,"column":4},"end":{"line":24,"column":20}},"4":{"start":{"line":25,"column":4},"end":{"line":25,"column":21}},"5":{"start":{"line":38,"column":4},"end":{"line":40,"column":5}},"6":{"start":{"line":39,"column":6},"end":{"line":39,"column":19}},"7":{"start":{"line":42,"column":4},"end":{"line":52,"column":5}},"8":{"start":{"line":42,"column":17},"end":{"line":42,"column":18}},"9":{"start":{"line":44,"column":6},"end":{"line":44,"column":58}},"10":{"start":{"line":46,"column":6},"end":{"line":46,"column":38}},"11":{"start":{"line":48,"column":6},"end":{"line":48,"column":53}},"12":{"start":{"line":50,"column":26},"end":{"line":50,"column":54}},"13":{"start":{"line":51,"column":6},"end":{"line":51,"column":65}},"14":{"start":{"line":54,"column":4},"end":{"line":54,"column":33}},"15":{"start":{"line":56,"column":4},"end":{"line":58,"column":5}},"16":{"start":{"line":57,"column":6},"end":{"line":57,"column":38}},"17":{"start":{"line":59,"column":4},"end":{"line":59,"column":16}},"18":{"start":{"line":68,"column":22},"end":{"line":68,"column":44}},"19":{"start":{"line":69,"column":25},"end":{"line":69,"column":50}},"20":{"start":{"line":70,"column":24},"end":{"line":70,"column":48}},"21":{"start":{"line":71,"column":24},"end":{"line":71,"column":48}},"22":{"start":{"line":72,"column":21},"end":{"line":72,"column":42}},"23":{"start":{"line":73,"column":18},"end":{"line":73,"column":79}},"24":{"start":{"line":76,"column":4},"end":{"line":84,"column":5}},"25":{"start":{"line":76,"column":17},"end":{"line":76,"column":18}},"26":{"start":{"line":77,"column":18},"end":{"line":77,"column":75}},"27":{"start":{"line":78,"column":18},"end":{"line":78,"column":47}},"28":{"start":{"line":79,"column":6},"end":{"line":83,"column":7}},"29":{"start":{"line":80,"column":8},"end":{"line":80,"column":40}},"30":{"start":{"line":82,"column":8},"end":{"line":82,"column":12}},"31":{"start":{"line":94,"column":23},"end":{"line":94,"column":40}},"32":{"start":{"line":97,"column":4},"end":{"line":117,"column":5}},"33":{"start":{"line":98,"column":23},"end":{"line":98,"column":50}},"34":{"start":{"line":99,"column":19},"end":{"line":99,"column":39}},"35":{"start":{"line":101,"column":6},"end":{"line":101,"column":17}},"36":{"start":{"line":103,"column":6},"end":{"line":103,"column":45}},"37":{"start":{"line":105,"column":6},"end":{"line":107,"column":7}},"38":{"start":{"line":106,"column":8},"end":{"line":106,"column":52}},"39":{"start":{"line":109,"column":6},"end":{"line":109,"column":18}},"40":{"start":{"line":112,"column":6},"end":{"line":112,"column":30}},"41":{"start":{"line":114,"column":6},"end":{"line":114,"column":46}},"42":{"start":{"line":116,"column":6},"end":{"line":116,"column":19}},"43":{"start":{"line":126,"column":4},"end":{"line":126,"column":74}},"44":{"start":{"line":126,"column":59},"end":{"line":126,"column":72}},"45":{"start":{"line":135,"column":4},"end":{"line":135,"column":35}},"46":{"start":{"line":146,"column":4},"end":{"line":148,"column":33}},"47":{"start":{"line":160,"column":18},"end":{"line":160,"column":47}},"48":{"start":{"line":161,"column":4},"end":{"line":161,"column":44}},"49":{"start":{"line":163,"column":4},"end":{"line":168,"column":5}},"50":{"start":{"line":163,"column":17},"end":{"line":163,"column":18}},"51":{"start":{"line":164,"column":6},"end":{"line":167,"column":7}},"52":{"start":{"line":164,"column":19},"end":{"line":164,"column":20}},"53":{"start":{"line":165,"column":22},"end":{"line":165,"column":50}},"54":{"start":{"line":166,"column":8},"end":{"line":166,"column":51}},"55":{"start":{"line":170,"column":4},"end":{"line":170,"column":17}},"56":{"start":{"line":183,"column":20},"end":{"line":183,"column":32}},"57":{"start":{"line":184,"column":19},"end":{"line":184,"column":27}},"58":{"start":{"line":185,"column":18},"end":{"line":185,"column":41}},"59":{"start":{"line":186,"column":24},"end":{"line":186,"column":43}},"60":{"start":{"line":187,"column":4},"end":{"line":187,"column":41}},"61":{"start":{"line":198,"column":4},"end":{"line":198,"column":34}},"62":{"start":{"line":210,"column":4},"end":{"line":215,"column":5}},"63":{"start":{"line":210,"column":17},"end":{"line":210,"column":18}},"64":{"start":{"line":211,"column":6},"end":{"line":211,"column":70}},"65":{"start":{"line":211,"column":57},"end":{"line":211,"column":70}},"66":{"start":{"line":213,"column":26},"end":{"line":213,"column":54}},"67":{"start":{"line":214,"column":6},"end":{"line":214,"column":65}},"68":{"start":{"line":216,"column":4},"end":{"line":216,"column":16}},"69":{"start":{"line":229,"column":28},"end":{"line":229,"column":55}},"70":{"start":{"line":230,"column":4},"end":{"line":230,"column":25}},"71":{"start":{"line":242,"column":20},"end":{"line":242,"column":32}},"72":{"start":{"line":243,"column":4},"end":{"line":243,"column":39}},"73":{"start":{"line":254,"column":17},"end":{"line":254,"column":46}},"74":{"start":{"line":255,"column":4},"end":{"line":255,"column":31}},"75":{"start":{"line":257,"column":4},"end":{"line":257,"column":36}},"76":{"start":{"line":259,"column":4},"end":{"line":259,"column":16}},"77":{"start":{"line":270,"column":4},"end":{"line":273,"column":11}},"78":{"start":{"line":271,"column":6},"end":{"line":271,"column":43}},"79":{"start":{"line":272,"column":6},"end":{"line":272,"column":18}},"80":{"start":{"line":283,"column":28},"end":{"line":283,"column":58}},"81":{"start":{"line":284,"column":31},"end":{"line":284,"column":53}},"82":{"start":{"line":286,"column":4},"end":{"line":286,"column":80}}},"fnMap":{"0":{"name":"(anonymous_0)","decl":{"start":{"line":20,"column":2},"end":{"line":20,"column":3}},"loc":{"start":{"line":20,"column":20},"end":{"line":26,"column":3}},"line":20},"1":{"name":"(anonymous_1)","decl":{"start":{"line":36,"column":2},"end":{"line":36,"column":3}},"loc":{"start":{"line":36,"column":25},"end":{"line":60,"column":3}},"line":36},"2":{"name":"(anonymous_2)","decl":{"start":{"line":67,"column":2},"end":{"line":67,"column":3}},"loc":{"start":{"line":67,"column":23},"end":{"line":85,"column":3}},"line":67},"3":{"name":"(anonymous_3)","decl":{"start":{"line":93,"column":2},"end":{"line":93,"column":3}},"loc":{"start":{"line":93,"column":23},"end":{"line":118,"column":3}},"line":93},"4":{"name":"(anonymous_4)","decl":{"start":{"line":125,"column":2},"end":{"line":125,"column":3}},"loc":{"start":{"line":125,"column":12},"end":{"line":127,"column":3}},"line":125},"5":{"name":"(anonymous_5)","decl":{"start":{"line":126,"column":44},"end":{"line":126,"column":45}},"loc":{"start":{"line":126,"column":59},"end":{"line":126,"column":72}},"line":126},"6":{"name":"(anonymous_6)","decl":{"start":{"line":134,"column":2},"end":{"line":134,"column":3}},"loc":{"start":{"line":134,"column":20},"end":{"line":136,"column":3}},"line":134},"7":{"name":"(anonymous_7)","decl":{"start":{"line":145,"column":2},"end":{"line":145,"column":3}},"loc":{"start":{"line":145,"column":30},"end":{"line":149,"column":3}},"line":145},"8":{"name":"(anonymous_8)","decl":{"start":{"line":270,"column":43},"end":{"line":270,"column":44}},"loc":{"start":{"line":270,"column":59},"end":{"line":273,"column":5}},"line":270}},"branchMap":{"0":{"loc":{"start":{"line":38,"column":4},"end":{"line":40,"column":5}},"type":"if","locations":[{"start":{"line":38,"column":4},"end":{"line":40,"column":5}},{"start":{},"end":{}}],"line":38},"1":{"loc":{"start":{"line":56,"column":4},"end":{"line":58,"column":5}},"type":"if","locations":[{"start":{"line":56,"column":4},"end":{"line":58,"column":5}},{"start":{},"end":{}}],"line":56},"2":{"loc":{"start":{"line":79,"column":6},"end":{"line":83,"column":7}},"type":"if","locations":[{"start":{"line":79,"column":6},"end":{"line":83,"column":7}},{"start":{"line":81,"column":13},"end":{"line":83,"column":7}}],"line":79},"3":{"loc":{"start":{"line":97,"column":4},"end":{"line":117,"column":5}},"type":"if","locations":[{"start":{"line":97,"column":4},"end":{"line":117,"column":5}},{"start":{"line":110,"column":11},"end":{"line":117,"column":5}}],"line":97},"4":{"loc":{"start":{"line":105,"column":6},"end":{"line":107,"column":7}},"type":"if","locations":[{"start":{"line":105,"column":6},"end":{"line":107,"column":7}},{"start":{},"end":{}}],"line":105},"5":{"loc":{"start":{"line":146,"column":11},"end":{"line":148,"column":32}},"type":"binary-expr","locations":[{"start":{"line":146,"column":11},"end":{"line":146,"column":41}},{"start":{"line":147,"column":11},"end":{"line":147,"column":39}},{"start":{"line":148,"column":11},"end":{"line":148,"column":32}}],"line":146},"6":{"loc":{"start":{"line":211,"column":6},"end":{"line":211,"column":70}},"type":"if","locations":[{"start":{"line":211,"column":6},"end":{"line":211,"column":70}},{"start":{},"end":{}}],"line":211},"7":{"loc":{"start":{"line":286,"column":11},"end":{"line":286,"column":80}},"type":"binary-expr","locations":[{"start":{"line":286,"column":11},"end":{"line":286,"column":48}},{"start":{"line":286,"column":52},"end":{"line":286,"column":80}}],"line":286}},"s":{"0":11,"1":11,"2":11,"3":11,"4":11,"5":15,"6":3,"7":12,"8":12,"9":42,"10":42,"11":42,"12":42,"13":42,"14":12,"15":12,"16":0,"17":12,"18":1,"19":1,"20":1,"21":1,"22":1,"23":1,"24":1,"25":1,"26":6,"27":6,"28":6,"29":5,"30":1,"31":7,"32":7,"33":6,"34":6,"35":6,"36":6,"37":6,"38":1,"39":6,"40":1,"41":1,"42":1,"43":2,"44":2,"45":15,"46":21,"47":11,"48":11,"49":11,"50":11,"51":110,"52":110,"53":1100,"54":1100,"55":11,"56":21,"57":21,"58":21,"59":21,"60":21,"61":18,"62":20,"63":20,"64":64,"65":2,"66":62,"67":62,"68":18,"69":104,"70":104,"71":1100,"72":1100,"73":1100,"74":1100,"75":1100,"76":1100,"77":11,"78":1100,"79":1100,"80":12,"81":12,"82":12},"f":{"0":11,"1":15,"2":1,"3":7,"4":2,"5":2,"6":15,"7":21,"8":1100},"b":{"0":[3,12],"1":[0,12],"2":[5,1],"3":[6,1],"4":[1,5],"5":[21,20,18],"6":[2,62],"7":[12,1]},"_coverageSchema":"1a1c01bbd47fc00a2c39e90264f33305004495a9","hash":"1266dd9eeb91a6fa23f2a2635bf494bf847cd670"}
,"/Users/bendee/JavaScript/battleships/src/player.js": {"path":"/Users/bendee/JavaScript/battleships/src/player.js","statementMap":{"0":{"start":{"line":10,"column":4},"end":{"line":10,"column":21}},"1":{"start":{"line":11,"column":4},"end":{"line":11,"column":46}},"2":{"start":{"line":20,"column":4},"end":{"line":20,"column":43}},"3":{"start":{"line":29,"column":18},"end":{"line":29,"column":39}},"4":{"start":{"line":30,"column":18},"end":{"line":30,"column":44}},"5":{"start":{"line":31,"column":4},"end":{"line":31,"column":28}},"6":{"start":{"line":32,"column":4},"end":{"line":32,"column":17}},"7":{"start":{"line":41,"column":18},"end":{"line":41,"column":52}},"8":{"start":{"line":42,"column":4},"end":{"line":42,"column":41}},"9":{"start":{"line":52,"column":4},"end":{"line":52,"column":66}},"10":{"start":{"line":61,"column":22},"end":{"line":61,"column":37}},"11":{"start":{"line":62,"column":4},"end":{"line":62,"column":39}}},"fnMap":{"0":{"name":"(anonymous_0)","decl":{"start":{"line":9,"column":2},"end":{"line":9,"column":3}},"loc":{"start":{"line":9,"column":20},"end":{"line":12,"column":3}},"line":9},"1":{"name":"(anonymous_1)","decl":{"start":{"line":19,"column":2},"end":{"line":19,"column":3}},"loc":{"start":{"line":19,"column":27},"end":{"line":21,"column":3}},"line":19},"2":{"name":"(anonymous_2)","decl":{"start":{"line":28,"column":2},"end":{"line":28,"column":3}},"loc":{"start":{"line":28,"column":12},"end":{"line":33,"column":3}},"line":28}},"branchMap":{},"s":{"0":3,"1":3,"2":2,"3":70,"4":70,"5":70,"6":70,"7":70,"8":70,"9":70,"10":3,"11":3},"f":{"0":3,"1":2,"2":70},"b":{},"_coverageSchema":"1a1c01bbd47fc00a2c39e90264f33305004495a9","hash":"ed7f77bf1879e2a0660070c0ce0dba27d06fe7d5"}
,"/Users/bendee/JavaScript/battleships/src/ship.js": {"path":"/Users/bendee/JavaScript/battleships/src/ship.js","statementMap":{"0":{"start":{"line":14,"column":4},"end":{"line":14,"column":22}},"1":{"start":{"line":15,"column":4},"end":{"line":15,"column":26}},"2":{"start":{"line":16,"column":4},"end":{"line":16,"column":19}},"3":{"start":{"line":17,"column":4},"end":{"line":17,"column":21}},"4":{"start":{"line":28,"column":4},"end":{"line":34,"column":12}},"5":{"start":{"line":43,"column":4},"end":{"line":43,"column":22}},"6":{"start":{"line":52,"column":4},"end":{"line":52,"column":24}},"7":{"start":{"line":61,"column":4},"end":{"line":61,"column":22}},"8":{"start":{"line":70,"column":4},"end":{"line":70,"column":23}},"9":{"start":{"line":79,"column":4},"end":{"line":79,"column":17}},"10":{"start":{"line":88,"column":4},"end":{"line":88,"column":36}},"11":{"start":{"line":97,"column":4},"end":{"line":97,"column":27}}},"fnMap":{"0":{"name":"(anonymous_0)","decl":{"start":{"line":13,"column":2},"end":{"line":13,"column":3}},"loc":{"start":{"line":13,"column":28},"end":{"line":18,"column":3}},"line":13},"1":{"name":"(anonymous_1)","decl":{"start":{"line":27,"column":2},"end":{"line":27,"column":3}},"loc":{"start":{"line":27,"column":20},"end":{"line":35,"column":3}},"line":27},"2":{"name":"(anonymous_2)","decl":{"start":{"line":42,"column":2},"end":{"line":42,"column":3}},"loc":{"start":{"line":42,"column":13},"end":{"line":44,"column":3}},"line":42},"3":{"name":"(anonymous_3)","decl":{"start":{"line":51,"column":2},"end":{"line":51,"column":3}},"loc":{"start":{"line":51,"column":15},"end":{"line":53,"column":3}},"line":51},"4":{"name":"(anonymous_4)","decl":{"start":{"line":60,"column":2},"end":{"line":60,"column":3}},"loc":{"start":{"line":60,"column":13},"end":{"line":62,"column":3}},"line":60},"5":{"name":"(anonymous_5)","decl":{"start":{"line":69,"column":2},"end":{"line":69,"column":3}},"loc":{"start":{"line":69,"column":14},"end":{"line":71,"column":3}},"line":69},"6":{"name":"(anonymous_6)","decl":{"start":{"line":78,"column":2},"end":{"line":78,"column":3}},"loc":{"start":{"line":78,"column":8},"end":{"line":80,"column":3}},"line":78},"7":{"name":"(anonymous_7)","decl":{"start":{"line":87,"column":2},"end":{"line":87,"column":3}},"loc":{"start":{"line":87,"column":11},"end":{"line":89,"column":3}},"line":87},"8":{"name":"(anonymous_8)","decl":{"start":{"line":96,"column":2},"end":{"line":96,"column":3}},"loc":{"start":{"line":96,"column":16},"end":{"line":98,"column":3}},"line":96}},"branchMap":{},"s":{"0":9,"1":9,"2":9,"3":9,"4":2,"5":2,"6":5,"7":5,"8":2,"9":9,"10":2,"11":3},"f":{"0":9,"1":2,"2":2,"3":5,"4":5,"5":2,"6":9,"7":2,"8":3},"b":{},"_coverageSchema":"1a1c01bbd47fc00a2c39e90264f33305004495a9","hash":"3dac0cddac898c9544040326ce79e5b7db195a68"}
}
