TN:
SF:src/eventObserver.js
FN:6,(anonymous_0)
FN:19,(anonymous_1)
FN:41,(anonymous_2)
FN:43,(anonymous_3)
FNF:4
FNH:4
FNDA:3,(anonymous_0)
FNDA:4,(anonymous_1)
FNDA:3,(anonymous_2)
FNDA:4,(anonymous_3)
DA:6,3
DA:9,3
DA:19,3
DA:20,4
DA:23,4
DA:24,1
DA:27,3
DA:31,4
DA:41,3
DA:42,3
DA:43,3
DA:45,4
DA:46,1
DA:48,3
DA:59,3
LF:15
LH:15
BRDA:23,0,0,1
BRDA:23,0,1,3
BRDA:31,1,0,4
BRDA:31,1,1,0
BRDA:42,2,0,3
BRDA:42,2,1,0
BRDA:45,3,0,1
BRDA:45,3,1,3
BRF:8
BRH:6
end_of_record
TN:
SF:src/gameboard.js
FN:19,(anonymous_0)
FN:35,(anonymous_1)
FN:65,(anonymous_2)
FN:91,(anonymous_3)
FN:118,(anonymous_4)
FN:119,(anonymous_5)
FN:127,(anonymous_6)
FN:138,(anonymous_7)
FN:263,(anonymous_8)
FNF:9
FNH:9
FNDA:10,(anonymous_0)
FNDA:14,(anonymous_1)
FNDA:1,(anonymous_2)
FNDA:7,(anonymous_3)
FNDA:2,(anonymous_4)
FNDA:2,(anonymous_5)
FNDA:13,(anonymous_6)
FNDA:19,(anonymous_7)
FNDA:1000,(anonymous_8)
DA:20,10
DA:21,10
DA:22,10
DA:23,10
DA:24,10
DA:37,14
DA:38,3
DA:41,11
DA:43,39
DA:45,39
DA:47,39
DA:48,39
DA:52,11
DA:54,11
DA:55,0
DA:57,11
DA:66,1
DA:67,1
DA:68,1
DA:69,1
DA:70,1
DA:71,1
DA:74,1
DA:75,5
DA:76,5
DA:77,5
DA:78,5
DA:80,0
DA:92,7
DA:95,7
DA:96,6
DA:98,6
DA:100,6
DA:102,6
DA:105,1
DA:107,1
DA:109,1
DA:119,2
DA:128,13
DA:139,19
DA:153,10
DA:154,10
DA:156,10
DA:157,100
DA:158,1000
DA:159,1000
DA:163,10
DA:176,19
DA:177,19
DA:178,19
DA:179,19
DA:180,19
DA:191,17
DA:203,18
DA:204,60
DA:206,59
DA:207,59
DA:209,17
DA:222,98
DA:223,98
DA:235,1000
DA:236,1000
DA:247,1000
DA:248,1000
DA:250,1000
DA:252,1000
DA:263,10
DA:264,1000
DA:265,1000
DA:276,11
DA:277,11
DA:279,11
LF:72
LH:70
BRDA:37,0,0,3
BRDA:37,0,1,11
BRDA:54,1,0,0
BRDA:54,1,1,11
BRDA:77,2,0,5
BRDA:77,2,1,0
BRDA:95,3,0,6
BRDA:95,3,1,1
BRDA:139,4,0,19
BRDA:139,4,1,18
BRDA:139,4,2,17
BRDA:204,5,0,1
BRDA:204,5,1,59
BRDA:279,6,0,11
BRDA:279,6,1,1
BRF:15
BRH:13
end_of_record
TN:
SF:src/player.js
FN:9,(anonymous_0)
FN:19,(anonymous_1)
FN:28,(anonymous_2)
FNF:3
FNH:3
FNDA:3,(anonymous_0)
FNDA:2,(anonymous_1)
FNDA:70,(anonymous_2)
DA:10,3
DA:11,3
DA:20,2
DA:29,70
DA:30,70
DA:31,70
DA:32,70
DA:41,70
DA:42,70
DA:52,70
DA:61,3
DA:62,3
LF:12
LH:12
BRF:0
BRH:0
end_of_record
TN:
SF:src/ship.js
FN:12,(anonymous_0)
FN:25,(anonymous_1)
FN:40,(anonymous_2)
FN:49,(anonymous_3)
FN:58,(anonymous_4)
FN:67,(anonymous_5)
FN:76,(anonymous_6)
FNF:7
FNH:7
FNDA:7,(anonymous_0)
FNDA:2,(anonymous_1)
FNDA:2,(anonymous_2)
FNDA:5,(anonymous_3)
FNDA:5,(anonymous_4)
FNDA:9,(anonymous_5)
FNDA:2,(anonymous_6)
DA:13,7
DA:14,7
DA:15,7
DA:26,2
DA:41,2
DA:50,5
DA:59,5
DA:68,9
DA:77,2
LF:9
LH:9
BRF:0
BRH:0
end_of_record
