TN:
SF:src/domBuilder.js
FN:6,(anonymous_0)
FN:15,(anonymous_1)
FN:33,(anonymous_2)
FN:46,(anonymous_3)
FN:65,(anonymous_4)
FN:78,(anonymous_5)
FNF:6
FNH:1
FNDA:2,(anonymous_0)
FNDA:0,(anonymous_1)
FNDA:0,(anonymous_2)
FNDA:0,(anonymous_3)
FNDA:0,(anonymous_4)
FNDA:0,(anonymous_5)
DA:6,2
DA:15,2
DA:16,0
DA:17,0
DA:18,0
DA:19,0
DA:20,0
DA:21,0
DA:23,0
DA:33,2
DA:34,0
DA:35,0
DA:37,0
DA:46,2
DA:47,0
DA:48,0
DA:49,0
DA:50,0
DA:51,0
DA:52,0
DA:54,0
DA:65,2
DA:66,0
DA:67,0
DA:78,2
DA:79,0
DA:81,0
DA:90,2
LF:28
LH:7
BRF:0
BRH:0
end_of_record
TN:
SF:src/domController.js
FN:12,(anonymous_0)
FN:26,(anonymous_1)
FN:35,(anonymous_2)
FN:55,(anonymous_3)
FN:56,(anonymous_4)
FN:57,(anonymous_5)
FN:71,(anonymous_6)
FN:81,(anonymous_7)
FN:91,(anonymous_8)
FN:103,(anonymous_9)
FN:113,(anonymous_10)
FN:123,(anonymous_11)
FN:129,(anonymous_12)
FNF:13
FNH:3
FNDA:2,(anonymous_0)
FNDA:0,(anonymous_1)
FNDA:0,(anonymous_2)
FNDA:0,(anonymous_3)
FNDA:0,(anonymous_4)
FNDA:0,(anonymous_5)
FNDA:0,(anonymous_6)
FNDA:0,(anonymous_7)
FNDA:0,(anonymous_8)
FNDA:0,(anonymous_9)
FNDA:0,(anonymous_10)
FNDA:1,(anonymous_11)
FNDA:4,(anonymous_12)
DA:12,2
DA:14,2
DA:16,2
DA:18,2
DA:26,2
DA:27,0
DA:35,2
DA:42,0
DA:43,0
DA:44,0
DA:55,2
DA:56,0
DA:57,0
DA:58,0
DA:62,0
DA:71,2
DA:72,0
DA:81,2
DA:82,0
DA:91,2
DA:92,0
DA:93,0
DA:94,0
DA:95,0
DA:103,2
DA:104,0
DA:105,0
DA:113,2
DA:114,0
DA:115,0
DA:123,2
DA:125,1
DA:126,1
DA:127,1
DA:129,1
DA:130,4
DA:141,2
LF:37
LH:19
BRF:0
BRH:0
end_of_record
TN:
SF:src/eventObserver.js
FN:6,(anonymous_0)
FN:19,(anonymous_1)
FN:41,unsubscribe
FN:43,(anonymous_3)
FN:59,(anonymous_4)
FN:61,(anonymous_5)
FN:81,_isSubscribed
FN:82,(anonymous_7)
FNF:8
FNH:8
FNDA:3,(anonymous_0)
FNDA:6,(anonymous_1)
FNDA:1,unsubscribe
FNDA:3,(anonymous_3)
FNDA:3,(anonymous_4)
FNDA:5,(anonymous_5)
FNDA:7,_isSubscribed
FNDA:13,(anonymous_7)
DA:6,3
DA:9,3
DA:19,3
DA:20,6
DA:23,6
DA:24,3
DA:27,3
DA:31,6
DA:43,1
DA:44,3
DA:47,1
DA:49,1
DA:59,3
DA:60,3
DA:61,3
DA:63,5
DA:64,1
DA:66,4
DA:82,7
DA:83,13
DA:92,3
LF:21
LH:21
BRDA:23,0,0,3
BRDA:23,0,1,3
BRDA:31,1,0,6
BRDA:31,1,1,0
BRDA:49,2,0,1
BRDA:49,2,1,0
BRDA:60,3,0,3
BRDA:60,3,1,0
BRDA:63,4,0,1
BRDA:63,4,1,4
BRF:10
BRH:7
end_of_record
TN:
SF:src/gameboard.js
FN:20,(anonymous_0)
FN:36,(anonymous_1)
FN:67,(anonymous_2)
FN:93,(anonymous_3)
FN:125,(anonymous_4)
FN:126,(anonymous_5)
FN:134,(anonymous_6)
FN:145,(anonymous_7)
FN:270,(anonymous_8)
FNF:9
FNH:9
FNDA:11,(anonymous_0)
FNDA:15,(anonymous_1)
FNDA:1,(anonymous_2)
FNDA:7,(anonymous_3)
FNDA:2,(anonymous_4)
FNDA:2,(anonymous_5)
FNDA:15,(anonymous_6)
FNDA:21,(anonymous_7)
FNDA:1100,(anonymous_8)
DA:21,11
DA:22,11
DA:23,11
DA:24,11
DA:25,11
DA:38,15
DA:39,3
DA:42,12
DA:44,42
DA:46,42
DA:48,42
DA:50,42
DA:51,42
DA:54,12
DA:56,12
DA:57,0
DA:59,12
DA:68,1
DA:69,1
DA:70,1
DA:71,1
DA:72,1
DA:73,1
DA:76,1
DA:77,6
DA:78,6
DA:79,6
DA:80,5
DA:82,1
DA:94,7
DA:97,7
DA:98,6
DA:99,6
DA:101,6
DA:103,6
DA:105,6
DA:106,1
DA:109,6
DA:112,1
DA:114,1
DA:116,1
DA:126,2
DA:135,15
DA:146,21
DA:160,11
DA:161,11
DA:163,11
DA:164,110
DA:165,1100
DA:166,1100
DA:170,11
DA:183,21
DA:184,21
DA:185,21
DA:186,21
DA:187,21
DA:198,18
DA:210,20
DA:211,64
DA:213,62
DA:214,62
DA:216,18
DA:229,104
DA:230,104
DA:242,1100
DA:243,1100
DA:254,1100
DA:255,1100
DA:257,1100
DA:259,1100
DA:270,11
DA:271,1100
DA:272,1100
DA:283,12
DA:284,12
DA:286,12
LF:76
LH:75
BRDA:38,0,0,3
BRDA:38,0,1,12
BRDA:56,1,0,0
BRDA:56,1,1,12
BRDA:79,2,0,5
BRDA:79,2,1,1
BRDA:97,3,0,6
BRDA:97,3,1,1
BRDA:105,4,0,1
BRDA:105,4,1,5
BRDA:146,5,0,21
BRDA:146,5,1,20
BRDA:146,5,2,18
BRDA:211,6,0,2
BRDA:211,6,1,62
BRDA:286,7,0,12
BRDA:286,7,1,1
BRF:17
BRH:16
end_of_record
TN:
SF:src/player.js
FN:9,(anonymous_0)
FN:19,(anonymous_1)
FN:28,(anonymous_2)
FNF:3
FNH:3
FNDA:3,(anonymous_0)
FNDA:2,(anonymous_1)
FNDA:70,(anonymous_2)
DA:10,3
DA:11,3
DA:20,2
DA:29,70
DA:30,70
DA:31,70
DA:32,70
DA:41,70
DA:42,70
DA:52,70
DA:61,3
DA:62,3
LF:12
LH:12
BRF:0
BRH:0
end_of_record
TN:
SF:src/ship.js
FN:13,(anonymous_0)
FN:27,(anonymous_1)
FN:42,(anonymous_2)
FN:51,(anonymous_3)
FN:60,(anonymous_4)
FN:69,(anonymous_5)
FN:78,(anonymous_6)
FN:87,(anonymous_7)
FN:96,(anonymous_8)
FNF:9
FNH:9
FNDA:9,(anonymous_0)
FNDA:2,(anonymous_1)
FNDA:2,(anonymous_2)
FNDA:5,(anonymous_3)
FNDA:5,(anonymous_4)
FNDA:2,(anonymous_5)
FNDA:9,(anonymous_6)
FNDA:2,(anonymous_7)
FNDA:3,(anonymous_8)
DA:14,9
DA:15,9
DA:16,9
DA:17,9
DA:28,2
DA:43,2
DA:52,5
DA:61,5
DA:70,2
DA:79,9
DA:88,2
DA:97,3
LF:12
LH:12
BRF:0
BRH:0
end_of_record
